0 info it worked if it ends with ok
1 verbose cli [ '/usr/bin/nodejs',
1 verbose cli   '/usr/bin/npm',
1 verbose cli   'install',
1 verbose cli   'https://github.com/raphaelkottakal/react-halfling.git',
1 verbose cli   '-S' ]
2 info using npm@3.5.2
3 info using node@v4.2.6
4 silly loadCurrentTree Starting
5 silly install loadCurrentTree
6 silly install readLocalPackageData
7 silly fetchPackageMetaData https://github.com/raphaelkottakal/react-halfling.git
8 silly fetchOtherPackageData https://github.com/raphaelkottakal/react-halfling.git
9 silly cache add args [ 'https://github.com/raphaelkottakal/react-halfling.git',
9 silly cache add   null ]
10 verbose cache add spec https://github.com/raphaelkottakal/react-halfling.git
11 silly cache add parsed spec Result {
11 silly cache add   raw: 'https://github.com/raphaelkottakal/react-halfling.git',
11 silly cache add   scope: null,
11 silly cache add   name: null,
11 silly cache add   rawSpec: 'https://github.com/raphaelkottakal/react-halfling.git',
11 silly cache add   spec: 'git+https://github.com/raphaelkottakal/react-halfling.git',
11 silly cache add   type: 'hosted',
11 silly cache add   hosted:
11 silly cache add    { type: 'github',
11 silly cache add      ssh: 'git@github.com:raphaelkottakal/react-halfling.git',
11 silly cache add      sshUrl: 'git+ssh://git@github.com/raphaelkottakal/react-halfling.git',
11 silly cache add      httpsUrl: 'git+https://github.com/raphaelkottakal/react-halfling.git',
11 silly cache add      gitUrl: 'git://github.com/raphaelkottakal/react-halfling.git',
11 silly cache add      shortcut: 'github:raphaelkottakal/react-halfling',
11 silly cache add      directUrl: 'https://raw.githubusercontent.com/raphaelkottakal/react-halfling/master/package.json' } }
12 verbose addRemoteGit caching https://github.com/raphaelkottakal/react-halfling.git
13 verbose addRemoteGit git+https://github.com/raphaelkottakal/react-halfling.git is a repository hosted by github
14 silly tryClone cloning git+https://github.com/raphaelkottakal/react-halfling.git via git+https://github.com/raphaelkottakal/react-halfling.git
15 verbose tryClone git-https-github-com-raphaelkottakal-react-halfling-git-f0b6fbf9 not in flight; caching
16 info git [ 'config', '--get', 'remote.origin.url' ]
17 silly validateExistingRemote git+https://github.com/raphaelkottakal/react-halfling.git remote.origin.url: https://github.com/raphaelkottakal/react-halfling.git
18 verbose validateExistingRemote git+https://github.com/raphaelkottakal/react-halfling.git is updating existing cached remote /home/raphael/.npm/_git-remotes/git-https-github-com-raphaelkottakal-react-halfling-git-f0b6fbf9
19 info git [ 'fetch', '-a', 'origin' ]
20 verbose updateRemote git fetch -a origin (https://github.com/raphaelkottakal/react-halfling.git)
21 verbose setPermissions git+https://github.com/raphaelkottakal/react-halfling.git set permissions on /home/raphael/.npm/_git-remotes/git-https-github-com-raphaelkottakal-react-halfling-git-f0b6fbf9
22 verbose resolveHead git+https://github.com/raphaelkottakal/react-halfling.git original treeish: master
23 info git [ 'rev-list', '-n1', 'master' ]
24 silly resolveHead git+https://github.com/raphaelkottakal/react-halfling.git resolved treeish: 29f12a9d0c074ed540f5ff3c49cedb4ac9b7d301
25 verbose resolveHead git+https://github.com/raphaelkottakal/react-halfling.git resolved Git URL: git+https://github.com/raphaelkottakal/react-halfling.git#29f12a9d0c074ed540f5ff3c49cedb4ac9b7d301
26 silly resolveHead Git working directory: /tmp/npm-10907-9545e73a/git-cache-ffb880de/29f12a9d0c074ed540f5ff3c49cedb4ac9b7d301
27 info git [ 'clone',
27 info git   '/home/raphael/.npm/_git-remotes/git-https-github-com-raphaelkottakal-react-halfling-git-f0b6fbf9',
27 info git   '/tmp/npm-10907-9545e73a/git-cache-ffb880de/29f12a9d0c074ed540f5ff3c49cedb4ac9b7d301' ]
28 verbose cloneResolved git+https://github.com/raphaelkottakal/react-halfling.git clone Cloning into '/tmp/npm-10907-9545e73a/git-cache-ffb880de/29f12a9d0c074ed540f5ff3c49cedb4ac9b7d301'...
28 verbose cloneResolved done.
29 info git [ 'checkout', '29f12a9d0c074ed540f5ff3c49cedb4ac9b7d301' ]
30 verbose checkoutTreeish git+https://github.com/raphaelkottakal/react-halfling.git checkout Note: checking out '29f12a9d0c074ed540f5ff3c49cedb4ac9b7d301'.
30 verbose checkoutTreeish
30 verbose checkoutTreeish You are in 'detached HEAD' state. You can look around, make experimental
30 verbose checkoutTreeish changes and commit them, and you can discard any commits you make in this
30 verbose checkoutTreeish state without impacting any branches by performing another checkout.
30 verbose checkoutTreeish
30 verbose checkoutTreeish If you want to create a new branch to retain commits you create, you may
30 verbose checkoutTreeish do so (now or later) by using -b with the checkout command again. Example:
30 verbose checkoutTreeish
30 verbose checkoutTreeish   git checkout -b <new-branch-name>
30 verbose checkoutTreeish
30 verbose checkoutTreeish HEAD is now at 29f12a9... first commit
31 verbose addLocalDirectory /home/raphael/.npm/react-halfling/1.0.0/package.tgz not in flight; packing
32 verbose tar pack [ '/home/raphael/.npm/react-halfling/1.0.0/package.tgz',
32 verbose tar pack   '/tmp/npm-10907-9545e73a/git-cache-ffb880de/29f12a9d0c074ed540f5ff3c49cedb4ac9b7d301' ]
33 verbose tarball /home/raphael/.npm/react-halfling/1.0.0/package.tgz
34 verbose folder /tmp/npm-10907-9545e73a/git-cache-ffb880de/29f12a9d0c074ed540f5ff3c49cedb4ac9b7d301
35 verbose addLocalTarball adding from inside cache /home/raphael/.npm/react-halfling/1.0.0/package.tgz
36 verbose addRemoteGit data._from: git+https://github.com/raphaelkottakal/react-halfling.git
37 verbose addRemoteGit data._resolved: git+https://github.com/raphaelkottakal/react-halfling.git#29f12a9d0c074ed540f5ff3c49cedb4ac9b7d301
38 silly cache afterAdd react-halfling@1.0.0
39 verbose afterAdd /home/raphael/.npm/react-halfling/1.0.0/package/package.json not in flight; writing
40 verbose afterAdd /home/raphael/.npm/react-halfling/1.0.0/package/package.json written
41 silly install normalizeTree
42 silly loadCurrentTree Finishing
43 silly loadIdealTree Starting
44 silly install loadIdealTree
45 silly cloneCurrentTree Starting
46 silly install cloneCurrentTreeToIdealTree
47 silly cloneCurrentTree Finishing
48 silly loadShrinkwrap Starting
49 silly install loadShrinkwrap
50 silly loadShrinkwrap Finishing
51 silly loadAllDepsIntoIdealTree Starting
52 silly install loadAllDepsIntoIdealTree
53 silly rollbackFailedOptional Starting
54 silly rollbackFailedOptional Finishing
55 silly runTopLevelLifecycles Starting
56 silly runTopLevelLifecycles Finishing
57 silly install printInstalled
58 verbose stack Error: Refusing to install react-halfling as a dependency of itself
58 verbose stack     at checkSelf (/usr/share/npm/lib/install/validate-args.js:40:14)
58 verbose stack     at Array.<anonymous> (/usr/share/npm/node_modules/slide/lib/bind-actor.js:15:8)
58 verbose stack     at LOOP (/usr/share/npm/node_modules/slide/lib/chain.js:15:14)
58 verbose stack     at chain (/usr/share/npm/node_modules/slide/lib/chain.js:20:5)
58 verbose stack     at /usr/share/npm/lib/install/validate-args.js:15:5
58 verbose stack     at /usr/share/npm/node_modules/slide/lib/async-map.js:52:35
58 verbose stack     at Array.forEach (native)
58 verbose stack     at /usr/share/npm/node_modules/slide/lib/async-map.js:52:11
58 verbose stack     at Array.forEach (native)
58 verbose stack     at asyncMap (/usr/share/npm/node_modules/slide/lib/async-map.js:51:8)
59 verbose cwd /home/raphael/Code/npm/react-halfling
60 error Linux 4.4.0-38-generic
61 error argv "/usr/bin/nodejs" "/usr/bin/npm" "install" "https://github.com/raphaelkottakal/react-halfling.git" "-S"
62 error node v4.2.6
63 error npm  v3.5.2
64 error code ENOSELF
65 error Refusing to install react-halfling as a dependency of itself
66 error If you need help, you may report this error at:
66 error     <https://github.com/npm/npm/issues>
67 verbose exit [ 1, true ]
